
7월 25, 2023 10:07:36.771 NEW SESSION
7월 25, 2023 10:07:36.772 [10352:11856:0725/100736.770:ERROR:feature_processor_state.cc(39)] Processing error occured: model WebAppInstallationPromo failed with UkmEngineDisabled, message: 
7월 25, 2023 10:07:36.793 [10352:11856:0725/100736.793:ERROR:feature_processor_state.cc(39)] Processing error occured: model WebAppInstallationPromo failed with UkmEngineDisabled, message: 
7월 25, 2023 12:26:44.200 [10352:13316:0725/122644.200:ERROR:mcs_client.cc(750)] Received close command, resetting connection.
7월 25, 2023 13:23:04.520 [10352:13316:0725/132304.519:ERROR:mcs_client.cc(750)] Received close command, resetting connection.
7월 25, 2023 14:13:34.812 [10352:11856:0725/141334.811:ERROR:interface_endpoint_client.cc(697)] Message 1 rejected by interface blink.mojom.WidgetHost

7월 28, 2023 17:10:45.540 NEW SESSION
7월 28, 2023 17:10:45.541 [11184:10388:0728/171045.515:ERROR:interface_endpoint_client.cc(702)] Message 0 rejected by interface blink.mojom.WidgetHost
7월 28, 2023 17:17:59.775 [11184:10388:0728/171759.775:ERROR:interface_endpoint_client.cc(702)] Message 0 rejected by interface blink.mojom.WidgetHost
7월 28, 2023 17:25:37.853 [11184:10388:0728/172537.853:ERROR:device_event_log_impl.cc(222)] [17:25:37.853] Bluetooth: bluetooth_adapter_winrt.cc:1058 Getting Default Adapter failed.
7월 28, 2023 17:53:19.252 [11184:7604:0728/175319.251:ERROR:cert_verify_proc_builtin.cc(701)] CertVerifyProcBuiltin for xn--h50bz7j.com failed:
7월 28, 2023 17:53:19.252 ----- Certificate i=0 (CN=xn--h50bz7j.com) -----
7월 28, 2023 17:53:19.253 ERROR: Time is after notAfter
7월 28, 2023 17:53:19.253 
7월 28, 2023 17:53:19.253 

7월 31, 2023 14:09:37.406 NEW SESSION
7월 31, 2023 14:09:37.406 [8100:1396:0731/140937.404:ERROR:interface_endpoint_client.cc(702)] Message 1 rejected by interface blink.mojom.WidgetHost
7월 31, 2023 16:42:02.13 [8100:1396:0731/164202.012:ERROR:interface_endpoint_client.cc(702)] Message 0 rejected by interface blink.mojom.WidgetHost
7월 31, 2023 16:42:03.614 INFO: Created TensorFlow Lite XNNPACK delegate for CPU.
7월 31, 2023 16:48:06.588 [8100:1396:0731/164806.588:ERROR:device_event_log_impl.cc(222)] [16:48:06.587] Bluetooth: bluetooth_adapter_winrt.cc:1058 Getting Default Adapter failed.
7월 31, 2023 17:07:32.624 [8100:1396:0731/170732.623:ERROR:interface_endpoint_client.cc(702)] Message 0 rejected by interface blink.mojom.WidgetHost
7월 31, 2023 17:31:03.599 [8100:2976:0731/173103.599:ERROR:cert_verify_proc_builtin.cc(701)] CertVerifyProcBuiltin for xn--h50bz7j.com failed:
7월 31, 2023 17:31:03.600 ----- Certificate i=0 (CN=xn--h50bz7j.com) -----
7월 31, 2023 17:31:03.600 ERROR: Time is after notAfter
7월 31, 2023 17:31:03.600 
7월 31, 2023 17:31:03.600 
